Determining if the pthread_create exist failed with the following output:
Change Dir: /home/workspace/catkin_ws/build/CMakeFiles/CMakeTmp

Run Build Command:"/usr/bin/make" "cmTC_6f756/fast"
/usr/bin/make -f CMakeFiles/cmTC_6f756.dir/build.make CMakeFiles/cmTC_6f756.dir/build
make[1]: Entering directory '/home/workspace/catkin_ws/build/CMakeFiles/CMakeTmp'
Building C object CMakeFiles/cmTC_6f756.dir/CheckSymbolExists.c.o
/usr/bin/cc     -o CMakeFiles/cmTC_6f756.dir/CheckSymbolExists.c.o   -c /home/workspace/catkin_ws/build/CMakeFiles/CMakeTmp/CheckSymbolExists.c
Linking C executable cmTC_6f756
/usr/bin/cmake -E cmake_link_script CMakeFiles/cmTC_6f756.dir/link.txt --verbose=1
/usr/bin/cc       CMakeFiles/cmTC_6f756.dir/CheckSymbolExists.c.o  -o cmTC_6f756 -rdynamic 
CMakeFiles/cmTC_6f756.dir/CheckSymbolExists.c.o: In function `main':
CheckSymbolExists.c:(.text+0x16): undefined reference to `pthread_create'
collect2: error: ld returned 1 exit status
CMakeFiles/cmTC_6f756.dir/build.make:97: recipe for target 'cmTC_6f756' failed
make[1]: *** [cmTC_6f756] Error 1
make[1]: Leaving directory '/home/workspace/catkin_ws/build/CMakeFiles/CMakeTmp'
Makefile:126: recipe for target 'cmTC_6f756/fast' failed
make: *** [cmTC_6f756/fast] Error 2

File /home/workspace/catkin_ws/build/CMakeFiles/CMakeTmp/CheckSymbolExists.c:
/* */
#include <pthread.h>

int main(int argc, char** argv)
{
  (void)argv;
#ifndef pthread_create
  return ((int*)(&pthread_create))[argc];
#else
  (void)argc;
  return 0;
#endif
}

Determining if the function pthread_create exists in the pthreads failed with the following output:
Change Dir: /home/workspace/catkin_ws/build/CMakeFiles/CMakeTmp

Run Build Command:"/usr/bin/make" "cmTC_275ec/fast"
/usr/bin/make -f CMakeFiles/cmTC_275ec.dir/build.make CMakeFiles/cmTC_275ec.dir/build
make[1]: Entering directory '/home/workspace/catkin_ws/build/CMakeFiles/CMakeTmp'
Building C object CMakeFiles/cmTC_275ec.dir/CheckFunctionExists.c.o
/usr/bin/cc    -DCHECK_FUNCTION_EXISTS=pthread_create   -o CMakeFiles/cmTC_275ec.dir/CheckFunctionExists.c.o   -c /usr/share/cmake-3.5/Modules/CheckFunctionExists.c
Linking C executable cmTC_275ec
/usr/bin/cmake -E cmake_link_script CMakeFiles/cmTC_275ec.dir/link.txt --verbose=1
/usr/bin/cc   -DCHECK_FUNCTION_EXISTS=pthread_create    CMakeFiles/cmTC_275ec.dir/CheckFunctionExists.c.o  -o cmTC_275ec -rdynamic -lpthreads 
/usr/bin/ld: cannot find -lpthreads
collect2: error: ld returned 1 exit status
CMakeFiles/cmTC_275ec.dir/build.make:97: recipe for target 'cmTC_275ec' failed
make[1]: *** [cmTC_275ec] Error 1
make[1]: Leaving directory '/home/workspace/catkin_ws/build/CMakeFiles/CMakeTmp'
Makefile:126: recipe for target 'cmTC_275ec/fast' failed
make: *** [cmTC_275ec/fast] Error 2


